<?xml version="1.0" encoding="UTF-8"?>
<testng-results total="1" passed="1" failed="0" skipped="0">
  <reporter-output>
  </reporter-output>
  <suite started-at="2025-01-02T18:18:57Z" name="Default suite" finished-at="2025-01-02T18:18:59Z" duration-ms="1672">
    <groups>
    </groups>
    <test started-at="2025-01-02T18:18:57Z" name="Default test" finished-at="2025-01-02T18:18:59Z" duration-ms="1672">
      <class name="com.api.tests.SignUpTest">
        <test-method signature="SignUpTestAccountCreationTest()[pri:0, instance:com.api.tests.SignUpTest@3081f72c]" started-at="2025-01-02T23:48:57Z" name="SignUpTestAccountCreationTest" finished-at="2025-01-02T23:48:59Z" duration-ms="1655" status="PASS">
          <reporter-output>
          </reporter-output>
        </test-method> <!-- SignUpTestAccountCreationTest -->
      </class> <!-- com.api.tests.SignUpTest -->
    </test> <!-- Default test -->
  </suite> <!-- Default suite -->
</testng-results>
